2026-03-25 09:07:24,276 - ============================== Params ==============================
2026-03-25 09:07:24,277 - logger_name: mult_MIntRec_multi-class_2026-03-25-09-07-24
2026-03-25 09:07:24,277 - dataset: MIntRec
2026-03-25 09:07:24,277 - data_mode: multi-class
2026-03-25 09:07:24,277 - method: mult
2026-03-25 09:07:24,277 - modalities: ['audio', 'video']
2026-03-25 09:07:24,277 - text_backbone: cache/local_bert_tokenizer
2026-03-25 09:07:24,277 - seed: 0
2026-03-25 09:07:24,277 - num_workers: 0
2026-03-25 09:07:24,277 - gpu_id: 0
2026-03-25 09:07:24,277 - data_path: MIA-datasets
2026-03-25 09:07:24,277 - train: True
2026-03-25 09:07:24,277 - tune: False
2026-03-25 09:07:24,277 - save_model: False
2026-03-25 09:07:24,277 - save_results: True
2026-03-25 09:07:24,277 - log_path: logs
2026-03-25 09:07:24,278 - cache_path: cache
2026-03-25 09:07:24,278 - video_data_path: video_data
2026-03-25 09:07:24,278 - audio_data_path: audio_data
2026-03-25 09:07:24,278 - video_feats_path: video_feats.pkl
2026-03-25 09:07:24,278 - audio_feats_path: audio_feats.pkl
2026-03-25 09:07:24,278 - results_path: results
2026-03-25 09:07:24,278 - output_path: outputs
2026-03-25 09:07:24,278 - model_path: models
2026-03-25 09:07:24,278 - config_file_name: mult_bert
2026-03-25 09:07:24,278 - results_file_name: mult_ablation_6.csv
2026-03-25 09:07:24,278 - padding_mode: zero
2026-03-25 09:07:24,278 - padding_loc: end
2026-03-25 09:07:24,278 - need_aligned: False
2026-03-25 09:07:24,278 - eval_monitor: f1
2026-03-25 09:07:24,278 - train_batch_size: 16
2026-03-25 09:07:24,278 - eval_batch_size: 8
2026-03-25 09:07:24,278 - test_batch_size: 8
2026-03-25 09:07:24,279 - wait_patience: 8
2026-03-25 09:07:24,279 - num_train_epochs: 100
2026-03-25 09:07:24,279 - dst_feature_dims: 120
2026-03-25 09:07:24,279 - nheads: 8
2026-03-25 09:07:24,279 - n_levels: 8
2026-03-25 09:07:24,279 - attn_dropout: 0.0
2026-03-25 09:07:24,279 - attn_dropout_v: 0.2
2026-03-25 09:07:24,279 - attn_dropout_a: 0.2
2026-03-25 09:07:24,279 - relu_dropout: 0.0
2026-03-25 09:07:24,279 - embed_dropout: 0.1
2026-03-25 09:07:24,279 - res_dropout: 0.0
2026-03-25 09:07:24,279 - output_dropout: 0.2
2026-03-25 09:07:24,279 - text_dropout: 0.4
2026-03-25 09:07:24,279 - grad_clip: 0.5
2026-03-25 09:07:24,279 - attn_mask: True
2026-03-25 09:07:24,279 - conv1d_kernel_size_l: 5
2026-03-25 09:07:24,279 - conv1d_kernel_size_v: 1
2026-03-25 09:07:24,279 - conv1d_kernel_size_a: 1
2026-03-25 09:07:24,279 - lr: 3e-05
2026-03-25 09:07:24,280 - pred_output_path: outputs/mult_MIntRec_multi-class_2026-03-25-09-07-24
2026-03-25 09:07:24,280 - model_output_path: outputs/mult_MIntRec_multi-class_2026-03-25-09-07-24/models
2026-03-25 09:07:24,280 - ============================== End Params ==============================
2026-03-25 09:07:24,280 - ✅ Final args saved to outputs/mult_MIntRec_multi-class_2026-03-25-09-07-24/models/training_args.json
2026-03-25 09:07:24,288 - Load Video Features Begin...
2026-03-25 09:07:24,866 - Load Video Features Finished...
2026-03-25 09:07:25,636 - Load Audio Features Begin...
2026-03-25 09:07:28,649 - Load Audio Features Finished...
2026-03-25 09:07:53,560 - Multimodal intent recognition begins...
2026-03-25 09:07:53,560 - Training begins...
2026-03-25 09:09:22,978 - ***** Epoch: 1: Eval results *****
2026-03-25 09:09:22,979 -   best_eval_score = 0.0
2026-03-25 09:09:22,979 -   eval_score = 0.0227
2026-03-25 09:09:22,979 -   train_loss = 2.8671
2026-03-25 09:11:02,834 - ***** Epoch: 2: Eval results *****
2026-03-25 09:11:02,834 -   best_eval_score = 0.0227
2026-03-25 09:11:02,834 -   eval_score = 0.0652
2026-03-25 09:11:02,834 -   train_loss = 2.7348
2026-03-25 09:12:35,214 - ***** Epoch: 3: Eval results *****
2026-03-25 09:12:35,214 -   best_eval_score = 0.0652
2026-03-25 09:12:35,214 -   eval_score = 0.0722
2026-03-25 09:12:35,214 -   train_loss = 2.6225
2026-03-25 09:14:02,688 - ***** Epoch: 4: Eval results *****
2026-03-25 09:14:02,689 -   best_eval_score = 0.0722
2026-03-25 09:14:02,689 -   eval_score = 0.0889
2026-03-25 09:14:02,689 -   train_loss = 2.5065
2026-03-25 09:15:32,432 - ***** Epoch: 5: Eval results *****
2026-03-25 09:15:32,432 -   best_eval_score = 0.0889
2026-03-25 09:15:32,432 -   eval_score = 0.1218
2026-03-25 09:15:32,432 -   train_loss = 2.3927
2026-03-25 09:16:58,276 - ***** Epoch: 6: Eval results *****
2026-03-25 09:16:58,276 -   best_eval_score = 0.1218
2026-03-25 09:16:58,277 -   eval_score = 0.117
2026-03-25 09:16:58,277 -   train_loss = 2.266
2026-03-25 09:16:58,277 - EarlyStopping counter: 1 out of 8
2026-03-25 09:18:22,671 - ***** Epoch: 7: Eval results *****
2026-03-25 09:18:22,672 -   best_eval_score = 0.1218
2026-03-25 09:18:22,673 -   eval_score = 0.1195
2026-03-25 09:18:22,673 -   train_loss = 2.1629
2026-03-25 09:18:22,673 - EarlyStopping counter: 2 out of 8
2026-03-25 09:19:47,033 - ***** Epoch: 8: Eval results *****
2026-03-25 09:19:47,033 -   best_eval_score = 0.1218
2026-03-25 09:19:47,033 -   eval_score = 0.1178
2026-03-25 09:19:47,033 -   train_loss = 2.0375
2026-03-25 09:19:47,033 - EarlyStopping counter: 3 out of 8
2026-03-25 09:21:19,928 - ***** Epoch: 9: Eval results *****
2026-03-25 09:21:19,929 -   best_eval_score = 0.1218
2026-03-25 09:21:19,929 -   eval_score = 0.1405
2026-03-25 09:21:19,929 -   train_loss = 1.8714
2026-03-25 09:22:43,529 - ***** Epoch: 10: Eval results *****
2026-03-25 09:22:43,529 -   best_eval_score = 0.1405
2026-03-25 09:22:43,529 -   eval_score = 0.1522
2026-03-25 09:22:43,529 -   train_loss = 1.7665
2026-03-25 09:24:08,157 - ***** Epoch: 11: Eval results *****
2026-03-25 09:24:08,157 -   best_eval_score = 0.1522
2026-03-25 09:24:08,157 -   eval_score = 0.1525
2026-03-25 09:24:08,158 -   train_loss = 1.6314
2026-03-25 09:25:30,383 - ***** Epoch: 12: Eval results *****
2026-03-25 09:25:30,383 -   best_eval_score = 0.1525
2026-03-25 09:25:30,383 -   eval_score = 0.1714
2026-03-25 09:25:30,383 -   train_loss = 1.4708
2026-03-25 09:26:57,175 - ***** Epoch: 13: Eval results *****
2026-03-25 09:26:57,176 -   best_eval_score = 0.1714
2026-03-25 09:26:57,176 -   eval_score = 0.1747
2026-03-25 09:26:57,176 -   train_loss = 1.3432
2026-03-25 09:28:23,330 - ***** Epoch: 14: Eval results *****
2026-03-25 09:28:23,330 -   best_eval_score = 0.1747
2026-03-25 09:28:23,330 -   eval_score = 0.1614
2026-03-25 09:28:23,330 -   train_loss = 1.1755
2026-03-25 09:28:23,331 - EarlyStopping counter: 1 out of 8
2026-03-25 09:29:48,980 - ***** Epoch: 15: Eval results *****
2026-03-25 09:29:48,980 -   best_eval_score = 0.1747
2026-03-25 09:29:48,980 -   eval_score = 0.1597
2026-03-25 09:29:48,980 -   train_loss = 1.0365
2026-03-25 09:29:48,980 - EarlyStopping counter: 2 out of 8
2026-03-25 09:31:18,232 - ***** Epoch: 16: Eval results *****
2026-03-25 09:31:18,233 -   best_eval_score = 0.1747
2026-03-25 09:31:18,233 -   eval_score = 0.1854
2026-03-25 09:31:18,233 -   train_loss = 0.7835
2026-03-25 09:32:42,329 - ***** Epoch: 17: Eval results *****
2026-03-25 09:32:42,330 -   best_eval_score = 0.1854
2026-03-25 09:32:42,330 -   eval_score = 0.1843
2026-03-25 09:32:42,330 -   train_loss = 0.7265
2026-03-25 09:32:42,330 - EarlyStopping counter: 1 out of 8
2026-03-25 09:34:07,753 - ***** Epoch: 18: Eval results *****
2026-03-25 09:34:07,753 -   best_eval_score = 0.1854
2026-03-25 09:34:07,753 -   eval_score = 0.1721
2026-03-25 09:34:07,754 -   train_loss = 0.7026
2026-03-25 09:34:07,754 - EarlyStopping counter: 2 out of 8
2026-03-25 09:35:30,067 - ***** Epoch: 19: Eval results *****
2026-03-25 09:35:30,067 -   best_eval_score = 0.1854
2026-03-25 09:35:30,067 -   eval_score = 0.1757
2026-03-25 09:35:30,067 -   train_loss = 0.6839
2026-03-25 09:35:30,067 - EarlyStopping counter: 3 out of 8
2026-03-25 09:36:53,431 - ***** Epoch: 20: Eval results *****
2026-03-25 09:36:53,431 -   best_eval_score = 0.1854
2026-03-25 09:36:53,431 -   eval_score = 0.1775
2026-03-25 09:36:53,431 -   train_loss = 0.6669
2026-03-25 09:36:53,431 - EarlyStopping counter: 4 out of 8
2026-03-25 09:38:14,781 - ***** Epoch: 21: Eval results *****
2026-03-25 09:38:14,782 -   best_eval_score = 0.1854
2026-03-25 09:38:14,782 -   eval_score = 0.1865
2026-03-25 09:38:14,782 -   train_loss = 0.6533
2026-03-25 09:39:37,151 - ***** Epoch: 22: Eval results *****
2026-03-25 09:39:37,151 -   best_eval_score = 0.1865
2026-03-25 09:39:37,151 -   eval_score = 0.1701
2026-03-25 09:39:37,151 -   train_loss = 0.6308
2026-03-25 09:39:37,151 - EarlyStopping counter: 1 out of 8
2026-03-25 09:41:08,074 - ***** Epoch: 23: Eval results *****
2026-03-25 09:41:08,075 -   best_eval_score = 0.1865
2026-03-25 09:41:08,075 -   eval_score = 0.1739
2026-03-25 09:41:08,075 -   train_loss = 0.6207
2026-03-25 09:41:08,075 - EarlyStopping counter: 2 out of 8
2026-03-25 09:42:30,657 - ***** Epoch: 24: Eval results *****
2026-03-25 09:42:30,657 -   best_eval_score = 0.1865
2026-03-25 09:42:30,657 -   eval_score = 0.1885
2026-03-25 09:42:30,657 -   train_loss = 0.5977
2026-03-25 09:43:55,228 - ***** Epoch: 25: Eval results *****
2026-03-25 09:43:55,228 -   best_eval_score = 0.1885
2026-03-25 09:43:55,228 -   eval_score = 0.1887
2026-03-25 09:43:55,228 -   train_loss = 0.5735
2026-03-25 09:45:20,172 - ***** Epoch: 26: Eval results *****
2026-03-25 09:45:20,173 -   best_eval_score = 0.1887
2026-03-25 09:45:20,173 -   eval_score = 0.1783
2026-03-25 09:45:20,173 -   train_loss = 0.5775
2026-03-25 09:45:20,173 - EarlyStopping counter: 1 out of 8
2026-03-25 09:46:45,276 - ***** Epoch: 27: Eval results *****
2026-03-25 09:46:45,277 -   best_eval_score = 0.1887
2026-03-25 09:46:45,277 -   eval_score = 0.1776
2026-03-25 09:46:45,277 -   train_loss = 0.5767
2026-03-25 09:46:45,277 - EarlyStopping counter: 2 out of 8
2026-03-25 09:48:09,535 - ***** Epoch: 28: Eval results *****
2026-03-25 09:48:09,535 -   best_eval_score = 0.1887
2026-03-25 09:48:09,535 -   eval_score = 0.1782
2026-03-25 09:48:09,535 -   train_loss = 0.5729
2026-03-25 09:48:09,535 - EarlyStopping counter: 3 out of 8
2026-03-25 09:49:30,874 - ***** Epoch: 29: Eval results *****
2026-03-25 09:49:30,874 -   best_eval_score = 0.1887
2026-03-25 09:49:30,875 -   eval_score = 0.1774
2026-03-25 09:49:30,875 -   train_loss = 0.5704
2026-03-25 09:49:30,875 - EarlyStopping counter: 4 out of 8
2026-03-25 09:50:53,447 - ***** Epoch: 30: Eval results *****
2026-03-25 09:50:53,448 -   best_eval_score = 0.1887
2026-03-25 09:50:53,448 -   eval_score = 0.1772
2026-03-25 09:50:53,448 -   train_loss = 0.5696
2026-03-25 09:50:53,448 - EarlyStopping counter: 5 out of 8
2026-03-25 09:52:17,675 - ***** Epoch: 31: Eval results *****
2026-03-25 09:52:17,675 -   best_eval_score = 0.1887
2026-03-25 09:52:17,675 -   eval_score = 0.1792
2026-03-25 09:52:17,675 -   train_loss = 0.5636
2026-03-25 09:52:17,675 - EarlyStopping counter: 6 out of 8
2026-03-25 09:53:38,416 - ***** Epoch: 32: Eval results *****
2026-03-25 09:53:38,417 -   best_eval_score = 0.1887
2026-03-25 09:53:38,417 -   eval_score = 0.1768
2026-03-25 09:53:38,417 -   train_loss = 0.5682
2026-03-25 09:53:38,417 - EarlyStopping counter: 7 out of 8
2026-03-25 09:54:57,674 - ***** Epoch: 33: Eval results *****
2026-03-25 09:54:57,674 -   best_eval_score = 0.1887
2026-03-25 09:54:57,674 -   eval_score = 0.1792
2026-03-25 09:54:57,674 -   train_loss = 0.5597
2026-03-25 09:54:57,675 - EarlyStopping counter: 8 out of 8
2026-03-25 09:54:57,675 - EarlyStopping at epoch 33
2026-03-25 09:54:57,680 - Training is finished...
2026-03-25 09:54:57,681 - Testing begins...
2026-03-25 09:55:27,983 - ***** Test: Confusion Matrix *****
2026-03-25 09:55:27,985 - [[17  6  1  1  7  1  2  2  0  1  0  0  9  3  2  1  2  1  0  1]
 [ 9 19  2  2  3  0  0  1  0  0  1  0  2  0  2  2  0  0  0  0]
 [ 2  3 12  0  0  0  0  0  0  0  0  0  4  1  1  3  1  0  0  0]
 [ 0  0  5  8  3  3  0  0  0  0  0  1  3  0  0  1  0  1  0  0]
 [ 8  3  0  1  1  0  0  0  0  1  1  2  4  2  0  0  0  0  0  0]
 [ 0  1  1  6  0  0  0  0  0  0  1  0  1  0  0  0  1  1  0  0]
 [ 2  0  0  1  0  0  2  0  0  1  0  1  2  1  0  1  0  1  0  0]
 [ 2  1  1  0  1  0  0  0  0  1  1  1  1  0  1  0  0  0  0  0]
 [ 2  4  0  0  0  0  0  1  0  0  0  0  2  0  1  0  0  0  0  0]
 [ 1  1  0  0  0  0  1  0  0  1  1  0  1  1  1  0  2  0  0  0]
 [ 2  4  1  1  0  1  0  0  0  2  1  2  1  2  0  0  0  1  0  0]
 [ 2  4  1  1  1  0  0  0  0  0  2  1  1  1  1  1  0  1  2  0]
 [ 6  3  1  0  2  0  2  0  0  1  4  2 23  2  4  5  0  2  0  0]
 [ 7  2  1  1  1  0  0  0  0  0  2  2  4  4  1  0  0  0  0  0]
 [ 4  2  1  0  2  0  0  0  0  0  1  0  5  4  1  1  0  1  0  0]
 [ 3  3  2  0  0  1  0  0  0  0  1  0  9  1  1  0  0  0  0  0]
 [ 6  4  0  0  0  1  0  0  0  1  0  0  0  1  2  0  1  1  0  0]
 [ 3  1  0  0  1  2  0  0  1  0  0  0  2  1  1  0  1  1  1  0]
 [ 0  1  0  0  1  1  0  0  0  0  0  1  4  0  0  1  0  0  3  0]
 [ 2  1  0  0  1  0  0  0  0  0  0  1  1  2  0  0  2  0  0  0]]
2026-03-25 09:55:27,985 - ***** Evaluation results *****
2026-03-25 09:55:27,986 -   acc = 0.2135
2026-03-25 09:55:27,986 -   f1 = 0.1443
2026-03-25 09:55:27,986 -   prec = 0.1529
2026-03-25 09:55:27,986 -   rec = 0.1454
2026-03-25 09:55:27,986 - Testing is finished...
2026-03-25 09:55:27,986 - Multimodal intent recognition is finished...
2026-03-25 09:55:27,986 - Results are saved in results/mult_ablation_6.csv
