2026-03-24 20:40:46,214 - ============================== Params ==============================
2026-03-24 20:40:46,214 - logger_name: mult_MIntRec_multi-class_2026-03-24-20-40-46
2026-03-24 20:40:46,214 - dataset: MIntRec
2026-03-24 20:40:46,214 - data_mode: multi-class
2026-03-24 20:40:46,214 - method: mult
2026-03-24 20:40:46,214 - modalities: ['audio']
2026-03-24 20:40:46,214 - text_backbone: cache/local_bert_tokenizer
2026-03-24 20:40:46,214 - seed: 0
2026-03-24 20:40:46,214 - num_workers: 0
2026-03-24 20:40:46,214 - gpu_id: 0
2026-03-24 20:40:46,214 - data_path: MIA-datasets
2026-03-24 20:40:46,214 - train: True
2026-03-24 20:40:46,214 - tune: False
2026-03-24 20:40:46,214 - save_model: False
2026-03-24 20:40:46,214 - save_results: True
2026-03-24 20:40:46,214 - log_path: logs
2026-03-24 20:40:46,214 - cache_path: cache
2026-03-24 20:40:46,214 - video_data_path: video_data
2026-03-24 20:40:46,214 - audio_data_path: audio_data
2026-03-24 20:40:46,214 - video_feats_path: video_feats.pkl
2026-03-24 20:40:46,214 - audio_feats_path: audio_feats.pkl
2026-03-24 20:40:46,214 - results_path: results
2026-03-24 20:40:46,215 - output_path: outputs
2026-03-24 20:40:46,215 - model_path: models
2026-03-24 20:40:46,215 - config_file_name: mult_bert
2026-03-24 20:40:46,215 - results_file_name: mult_ablation_6.csv
2026-03-24 20:40:46,215 - padding_mode: zero
2026-03-24 20:40:46,215 - padding_loc: end
2026-03-24 20:40:46,215 - need_aligned: False
2026-03-24 20:40:46,215 - eval_monitor: f1
2026-03-24 20:40:46,215 - train_batch_size: 16
2026-03-24 20:40:46,215 - eval_batch_size: 8
2026-03-24 20:40:46,215 - test_batch_size: 8
2026-03-24 20:40:46,215 - wait_patience: 8
2026-03-24 20:40:46,215 - num_train_epochs: 100
2026-03-24 20:40:46,215 - dst_feature_dims: 120
2026-03-24 20:40:46,215 - nheads: 8
2026-03-24 20:40:46,215 - n_levels: 8
2026-03-24 20:40:46,215 - attn_dropout: 0.0
2026-03-24 20:40:46,215 - attn_dropout_v: 0.2
2026-03-24 20:40:46,215 - attn_dropout_a: 0.2
2026-03-24 20:40:46,215 - relu_dropout: 0.0
2026-03-24 20:40:46,215 - embed_dropout: 0.1
2026-03-24 20:40:46,215 - res_dropout: 0.0
2026-03-24 20:40:46,215 - output_dropout: 0.2
2026-03-24 20:40:46,215 - text_dropout: 0.4
2026-03-24 20:40:46,216 - grad_clip: 0.5
2026-03-24 20:40:46,216 - attn_mask: True
2026-03-24 20:40:46,216 - conv1d_kernel_size_l: 5
2026-03-24 20:40:46,216 - conv1d_kernel_size_v: 1
2026-03-24 20:40:46,216 - conv1d_kernel_size_a: 1
2026-03-24 20:40:46,216 - lr: 3e-05
2026-03-24 20:40:46,216 - pred_output_path: outputs/mult_MIntRec_multi-class_2026-03-24-20-40-46
2026-03-24 20:40:46,216 - model_output_path: outputs/mult_MIntRec_multi-class_2026-03-24-20-40-46/models
2026-03-24 20:40:46,216 - ============================== End Params ==============================
2026-03-24 20:40:46,216 - ✅ Final args saved to outputs/mult_MIntRec_multi-class_2026-03-24-20-40-46/models/training_args.json
2026-03-24 20:40:46,221 - Load Audio Features Begin...
2026-03-24 20:40:46,722 - Load Audio Features Finished...
2026-03-24 20:42:37,220 - Multimodal intent recognition begins...
2026-03-24 20:42:37,241 - Training begins...
2026-03-24 20:43:13,011 - ***** Epoch: 1: Eval results *****
2026-03-24 20:43:13,014 -   best_eval_score = 0.0
2026-03-24 20:43:13,016 -   eval_score = 0.0131
2026-03-24 20:43:13,016 -   train_loss = 2.8599
2026-03-24 20:43:26,128 - ***** Epoch: 2: Eval results *****
2026-03-24 20:43:26,129 -   best_eval_score = 0.0131
2026-03-24 20:43:26,129 -   eval_score = 0.0266
2026-03-24 20:43:26,129 -   train_loss = 2.7578
2026-03-24 20:43:40,521 - ***** Epoch: 3: Eval results *****
2026-03-24 20:43:40,521 -   best_eval_score = 0.0266
2026-03-24 20:43:40,521 -   eval_score = 0.0684
2026-03-24 20:43:40,521 -   train_loss = 2.6599
2026-03-24 20:43:52,641 - ***** Epoch: 4: Eval results *****
2026-03-24 20:43:52,641 -   best_eval_score = 0.0684
2026-03-24 20:43:52,641 -   eval_score = 0.1027
2026-03-24 20:43:52,641 -   train_loss = 2.577
2026-03-24 20:44:06,791 - ***** Epoch: 5: Eval results *****
2026-03-24 20:44:06,791 -   best_eval_score = 0.1027
2026-03-24 20:44:06,791 -   eval_score = 0.1398
2026-03-24 20:44:06,791 -   train_loss = 2.5097
2026-03-24 20:44:21,820 - ***** Epoch: 6: Eval results *****
2026-03-24 20:44:21,820 -   best_eval_score = 0.1398
2026-03-24 20:44:21,820 -   eval_score = 0.1521
2026-03-24 20:44:21,820 -   train_loss = 2.4013
2026-03-24 20:44:35,895 - ***** Epoch: 7: Eval results *****
2026-03-24 20:44:35,895 -   best_eval_score = 0.1521
2026-03-24 20:44:35,895 -   eval_score = 0.1402
2026-03-24 20:44:35,895 -   train_loss = 2.3368
2026-03-24 20:44:35,895 - EarlyStopping counter: 1 out of 8
2026-03-24 20:44:50,114 - ***** Epoch: 8: Eval results *****
2026-03-24 20:44:50,114 -   best_eval_score = 0.1521
2026-03-24 20:44:50,114 -   eval_score = 0.1341
2026-03-24 20:44:50,114 -   train_loss = 2.2834
2026-03-24 20:44:50,114 - EarlyStopping counter: 2 out of 8
2026-03-24 20:45:02,455 - ***** Epoch: 9: Eval results *****
2026-03-24 20:45:02,455 -   best_eval_score = 0.1521
2026-03-24 20:45:02,455 -   eval_score = 0.1574
2026-03-24 20:45:02,455 -   train_loss = 2.1686
2026-03-24 20:45:16,817 - ***** Epoch: 10: Eval results *****
2026-03-24 20:45:16,817 -   best_eval_score = 0.1574
2026-03-24 20:45:16,817 -   eval_score = 0.1843
2026-03-24 20:45:16,818 -   train_loss = 2.1263
2026-03-24 20:45:29,008 - ***** Epoch: 11: Eval results *****
2026-03-24 20:45:29,008 -   best_eval_score = 0.1843
2026-03-24 20:45:29,008 -   eval_score = 0.1859
2026-03-24 20:45:29,008 -   train_loss = 2.0282
2026-03-24 20:45:43,369 - ***** Epoch: 12: Eval results *****
2026-03-24 20:45:43,370 -   best_eval_score = 0.1859
2026-03-24 20:45:43,370 -   eval_score = 0.1694
2026-03-24 20:45:43,370 -   train_loss = 1.9402
2026-03-24 20:45:43,370 - EarlyStopping counter: 1 out of 8
2026-03-24 20:45:55,588 - ***** Epoch: 13: Eval results *****
2026-03-24 20:45:55,588 -   best_eval_score = 0.1859
2026-03-24 20:45:55,588 -   eval_score = 0.179
2026-03-24 20:45:55,588 -   train_loss = 1.8576
2026-03-24 20:45:55,588 - EarlyStopping counter: 2 out of 8
2026-03-24 20:46:09,689 - ***** Epoch: 14: Eval results *****
2026-03-24 20:46:09,689 -   best_eval_score = 0.1859
2026-03-24 20:46:09,689 -   eval_score = 0.1682
2026-03-24 20:46:09,690 -   train_loss = 1.7913
2026-03-24 20:46:09,690 - EarlyStopping counter: 3 out of 8
2026-03-24 20:46:23,794 - ***** Epoch: 15: Eval results *****
2026-03-24 20:46:23,795 -   best_eval_score = 0.1859
2026-03-24 20:46:23,795 -   eval_score = 0.1884
2026-03-24 20:46:23,795 -   train_loss = 1.693
2026-03-24 20:46:36,204 - ***** Epoch: 16: Eval results *****
2026-03-24 20:46:36,204 -   best_eval_score = 0.1884
2026-03-24 20:46:36,204 -   eval_score = 0.1864
2026-03-24 20:46:36,205 -   train_loss = 1.5703
2026-03-24 20:46:36,205 - EarlyStopping counter: 1 out of 8
2026-03-24 20:46:50,737 - ***** Epoch: 17: Eval results *****
2026-03-24 20:46:50,738 -   best_eval_score = 0.1884
2026-03-24 20:46:50,738 -   eval_score = 0.1838
2026-03-24 20:46:50,738 -   train_loss = 1.4911
2026-03-24 20:46:50,738 - EarlyStopping counter: 2 out of 8
2026-03-24 20:47:02,963 - ***** Epoch: 18: Eval results *****
2026-03-24 20:47:02,964 -   best_eval_score = 0.1884
2026-03-24 20:47:02,964 -   eval_score = 0.1814
2026-03-24 20:47:02,964 -   train_loss = 1.3912
2026-03-24 20:47:02,964 - EarlyStopping counter: 3 out of 8
2026-03-24 20:47:17,194 - ***** Epoch: 19: Eval results *****
2026-03-24 20:47:17,195 -   best_eval_score = 0.1884
2026-03-24 20:47:17,195 -   eval_score = 0.1843
2026-03-24 20:47:17,195 -   train_loss = 1.2925
2026-03-24 20:47:17,195 - EarlyStopping counter: 4 out of 8
2026-03-24 20:47:29,610 - ***** Epoch: 20: Eval results *****
2026-03-24 20:47:29,610 -   best_eval_score = 0.1884
2026-03-24 20:47:29,610 -   eval_score = 0.2033
2026-03-24 20:47:29,610 -   train_loss = 1.0535
2026-03-24 20:47:43,827 - ***** Epoch: 21: Eval results *****
2026-03-24 20:47:43,827 -   best_eval_score = 0.2033
2026-03-24 20:47:43,827 -   eval_score = 0.2051
2026-03-24 20:47:43,827 -   train_loss = 0.9979
2026-03-24 20:47:56,209 - ***** Epoch: 22: Eval results *****
2026-03-24 20:47:56,210 -   best_eval_score = 0.2051
2026-03-24 20:47:56,210 -   eval_score = 0.2054
2026-03-24 20:47:56,210 -   train_loss = 0.9661
2026-03-24 20:48:10,665 - ***** Epoch: 23: Eval results *****
2026-03-24 20:48:10,665 -   best_eval_score = 0.2054
2026-03-24 20:48:10,665 -   eval_score = 0.2045
2026-03-24 20:48:10,666 -   train_loss = 0.9627
2026-03-24 20:48:10,666 - EarlyStopping counter: 1 out of 8
2026-03-24 20:48:24,912 - ***** Epoch: 24: Eval results *****
2026-03-24 20:48:24,912 -   best_eval_score = 0.2054
2026-03-24 20:48:24,912 -   eval_score = 0.1999
2026-03-24 20:48:24,912 -   train_loss = 0.94
2026-03-24 20:48:24,912 - EarlyStopping counter: 2 out of 8
2026-03-24 20:48:37,205 - ***** Epoch: 25: Eval results *****
2026-03-24 20:48:37,205 -   best_eval_score = 0.2054
2026-03-24 20:48:37,205 -   eval_score = 0.2024
2026-03-24 20:48:37,205 -   train_loss = 0.9243
2026-03-24 20:48:37,205 - EarlyStopping counter: 3 out of 8
2026-03-24 20:48:51,818 - ***** Epoch: 26: Eval results *****
2026-03-24 20:48:51,818 -   best_eval_score = 0.2054
2026-03-24 20:48:51,818 -   eval_score = 0.1965
2026-03-24 20:48:51,818 -   train_loss = 0.9117
2026-03-24 20:48:51,818 - EarlyStopping counter: 4 out of 8
2026-03-24 20:49:03,750 - ***** Epoch: 27: Eval results *****
2026-03-24 20:49:03,750 -   best_eval_score = 0.2054
2026-03-24 20:49:03,750 -   eval_score = 0.1998
2026-03-24 20:49:03,750 -   train_loss = 0.8904
2026-03-24 20:49:03,750 - EarlyStopping counter: 5 out of 8
2026-03-24 20:49:18,213 - ***** Epoch: 28: Eval results *****
2026-03-24 20:49:18,213 -   best_eval_score = 0.2054
2026-03-24 20:49:18,213 -   eval_score = 0.1955
2026-03-24 20:49:18,213 -   train_loss = 0.8823
2026-03-24 20:49:18,213 - EarlyStopping counter: 6 out of 8
2026-03-24 20:49:30,385 - ***** Epoch: 29: Eval results *****
2026-03-24 20:49:30,385 -   best_eval_score = 0.2054
2026-03-24 20:49:30,385 -   eval_score = 0.1899
2026-03-24 20:49:30,386 -   train_loss = 0.8535
2026-03-24 20:49:30,386 - EarlyStopping counter: 7 out of 8
2026-03-24 20:49:44,669 - ***** Epoch: 30: Eval results *****
2026-03-24 20:49:44,669 -   best_eval_score = 0.2054
2026-03-24 20:49:44,669 -   eval_score = 0.1954
2026-03-24 20:49:44,669 -   train_loss = 0.8633
2026-03-24 20:49:44,669 - EarlyStopping counter: 8 out of 8
2026-03-24 20:49:44,669 - EarlyStopping at epoch 30
2026-03-24 20:49:44,671 - Training is finished...
2026-03-24 20:49:44,671 - Testing begins...
2026-03-24 20:49:49,985 - ***** Test: Confusion Matrix *****
2026-03-24 20:49:49,989 - [[17  5  1  2  4  1  0  0  1  0  1  1 13  2  3  2  1  3  0  0]
 [11  8  4  1  2  1  0  0  0  1  1  1  5  1  0  3  1  1  2  0]
 [ 4  2 12  0  1  0  0  0  0  0  1  0  5  0  0  2  0  0  0  0]
 [ 3  2  1 12  0  0  0  0  0  0  0  0  4  0  0  0  0  1  2  0]
 [ 6  3  0  1  3  0  0  0  0  0  1  0  5  1  1  0  1  0  0  1]
 [ 1  0  2  3  0  1  0  0  0  0  2  0  0  0  0  0  3  0  0  0]
 [ 3  0  1  0  1  0  0  0  0  0  0  3  2  0  0  0  1  1  0  0]
 [ 5  1  1  2  0  0  0  0  0  0  0  0  0  1  0  0  0  0  0  0]
 [ 3  1  0  0  1  0  0  0  0  0  0  0  5  0  0  0  0  0  0  0]
 [ 2  1  0  0  0  0  0  0  0  1  0  0  1  3  1  0  0  1  0  0]
 [10  0  0  1  0  0  0  0  0  1  1  2  1  1  0  0  1  0  0  0]
 [ 0  2  1  2  0  2  0  0  0  0  0  2  3  2  0  1  2  0  2  0]
 [13  2  2  1  0  0  0  0  0  1  0  4 21  4  5  3  0  1  0  0]
 [ 9  0  0  0  3  0  0  1  0  0  2  0  5  3  0  1  1  0  0  0]
 [ 3  3  1  0  1  0  0  0  0  0  1  2  2  4  2  2  1  0  0  0]
 [ 2  3  1  0  0  1  1  0  0  0  1  1  7  0  0  4  0  0  0  0]
 [ 6  0  0  1  0  1  1  0  0  0  0  1  2  1  0  1  1  0  1  1]
 [ 4  0  0  0  0  0  0  0  0  0  1  1  0  3  1  0  0  3  1  1]
 [ 1  1  1  0  0  0  0  0  0  0  1  0  2  0  0  0  1  0  4  1]
 [ 3  0  0  0  0  0  0  0  1  0  0  1  2  2  1  0  0  0  0  0]]
2026-03-24 20:49:49,989 - ***** Evaluation results *****
2026-03-24 20:49:49,989 -   acc = 0.2135
2026-03-24 20:49:49,990 -   f1 = 0.1622
2026-03-24 20:49:49,990 -   prec = 0.1717
2026-03-24 20:49:49,990 -   rec = 0.1623
2026-03-24 20:49:49,990 - Testing is finished...
2026-03-24 20:49:49,990 - Multimodal intent recognition is finished...
2026-03-24 20:49:49,991 - Results are saved in results/mult_ablation_6.csv
